Warning: DeliveryProcess:ciclo_de_vida_perfil_basico: missing resource file './../../ImplementacaoPerfilBasico/deliveryprocesses/Prepara&ccedil;&atilde;o_4733C0D2.html'
Warning: DeliveryProcess:ciclo_de_vida_perfil_basico: missing resource file './../../ImplementacaoPerfilBasico/deliveryprocesses/Execu&ccedil;&atilde;o_B9CDC64B.html'
Warning: DeliveryProcess:ciclo_de_vida_perfil_basico: missing resource file './../../ImplementacaoPerfilBasico/deliveryprocesses/Prepara&ccedil;&atilde;o_4733C0D2.html'
Warning: DeliveryProcess:ciclo_de_vida_perfil_basico: missing resource file './../../ImplementacaoPerfilBasico/deliveryprocesses/Execu&ccedil;&atilde;o_B9CDC64B.html'
Warning: Phase:Diagnostico: missing resource file './../../ImplementacaoPerfilBasico/deliveryprocesses/Identifica&ccedil;&atilde;o das Caracter&iacute;sticas Iniciais_E7BEBF.html'
Warning: Phase:Diagnostico: missing resource file './../../ImplementacaoPerfilBasico/deliveryprocesses/Realiza&ccedil;&atilde;o do Diagn&oacute;stico Inicial_64D2A28F.html'
Warning: Phase:Diagnostico: missing resource file './../../ImplementacaoPerfilBasico/deliveryprocesses/Identifica&ccedil;&atilde;o das Caracter&iacute;sticas Iniciais_E7BEBF.html'
Warning: Phase:Diagnostico: missing resource file './../../ImplementacaoPerfilBasico/deliveryprocesses/Realiza&ccedil;&atilde;o do Diagn&oacute;stico Inicial_64D2A28F.html'
Warning: Activity:Identificação das Características Iniciais: missing resource file './../../ImplementacaoPerfilBasico/deliveryprocesses/resources/Identifica&ccedil;&atilde;o das Caracter&iacute;sticas Iniciais_E7BEBF_Activity.jpeg'
Warning: Activity:Identificação das Características Iniciais: missing resource file './../../ImplementacaoPerfilBasico/deliveryprocesses/resources/Identifica&ccedil;&atilde;o das Caracter&iacute;sticas Iniciais_E7BEBF_Activity.jpeg'
Warning: Activity:Realização do Diagnóstico Inicial: missing resource file './../../ImplementacaoPerfilBasico/deliveryprocesses/resources/Realiza&ccedil;&atilde;o do Diagn&oacute;stico Inicial_64D2A28F_Activity.jpeg'
Warning: Activity:Realização do Diagnóstico Inicial: missing resource file './../../ImplementacaoPerfilBasico/deliveryprocesses/resources/Realiza&ccedil;&atilde;o do Diagn&oacute;stico Inicial_64D2A28F_Activity.jpeg'
Warning: Phase:Preparação: missing resource file './../../ImplementacaoPerfilBasico/deliveryprocesses/resources/Prepara&ccedil;&atilde;o_4733C0D2_Activity.jpeg'
Warning: Phase:Preparação: missing resource file './../../ImplementacaoPerfilBasico/deliveryprocesses/Planejamento do Processo de Implementa&ccedil;&atilde;o_5B921CCC.html'
Warning: Phase:Preparação: missing resource file './../../ImplementacaoPerfilBasico/deliveryprocesses/Identifica&ccedil;&atilde;o e An&aacute;lise de Riscos_E741ADE2.html'
Warning: Phase:Preparação: missing resource file './../../ImplementacaoPerfilBasico/deliveryprocesses/Compromentimento e Comunica&ccedil;&atilde;o_5F24BDEC.html'
Warning: Phase:Preparação: missing resource file './../../ImplementacaoPerfilBasico/deliveryprocesses/Capacita&ccedil;&atilde;o da Equipe_DCB72286.html'
Warning: Phase:Preparação: missing resource file './../../ImplementacaoPerfilBasico/deliveryprocesses/resources/Prepara&ccedil;&atilde;o_4733C0D2_Activity.jpeg'
Warning: Phase:Preparação: missing resource file './../../ImplementacaoPerfilBasico/deliveryprocesses/Planejamento do Processo de Implementa&ccedil;&atilde;o_5B921CCC.html'
Warning: Phase:Preparação: missing resource file './../../ImplementacaoPerfilBasico/deliveryprocesses/Identifica&ccedil;&atilde;o e An&aacute;lise de Riscos_E741ADE2.html'
Warning: Phase:Preparação: missing resource file './../../ImplementacaoPerfilBasico/deliveryprocesses/Compromentimento e Comunica&ccedil;&atilde;o_5F24BDEC.html'
Warning: Phase:Preparação: missing resource file './../../ImplementacaoPerfilBasico/deliveryprocesses/Capacita&ccedil;&atilde;o da Equipe_DCB72286.html'
Warning: Activity:Planejamento do Processo de Implementação: missing resource file './../../ImplementacaoPerfilBasico/deliveryprocesses/resources/Planejamento do Processo de Implementa&ccedil;&atilde;o_5B921CCC_Activity.jpeg'
Warning: Activity:Planejamento do Processo de Implementação: missing resource file './../../ImplementacaoPerfilBasico/deliveryprocesses/Prepara&ccedil;&atilde;o_4733C0D2.html'
Warning: Activity:Planejamento do Processo de Implementação: missing resource file './../../ImplementacaoPerfilBasico/deliveryprocesses/resources/Planejamento do Processo de Implementa&ccedil;&atilde;o_5B921CCC_Activity.jpeg'
Warning: Activity:Identificação e Análise de Riscos: missing resource file './../../ImplementacaoPerfilBasico/deliveryprocesses/resources/Identifica&ccedil;&atilde;o e An&aacute;lise de Riscos_E741ADE2_Activity.jpeg'
Warning: Activity:Identificação e Análise de Riscos: missing resource file './../../ImplementacaoPerfilBasico/deliveryprocesses/Prepara&ccedil;&atilde;o_4733C0D2.html'
Warning: Activity:Identificação e Análise de Riscos: missing resource file './../../ImplementacaoPerfilBasico/deliveryprocesses/resources/Identifica&ccedil;&atilde;o e An&aacute;lise de Riscos_E741ADE2_Activity.jpeg'
Warning: Activity:Compromentimento e Comunicação: missing resource file './../../ImplementacaoPerfilBasico/deliveryprocesses/resources/Compromentimento e Comunica&ccedil;&atilde;o_5F24BDEC_Activity.jpeg'
Warning: Activity:Compromentimento e Comunicação: missing resource file './../../ImplementacaoPerfilBasico/deliveryprocesses/Prepara&ccedil;&atilde;o_4733C0D2.html'
Warning: Activity:Compromentimento e Comunicação: missing resource file './../../ImplementacaoPerfilBasico/deliveryprocesses/resources/Compromentimento e Comunica&ccedil;&atilde;o_5F24BDEC_Activity.jpeg'
Warning: Activity:Capacitação da Equipe: missing resource file './../../ImplementacaoPerfilBasico/deliveryprocesses/resources/Capacita&ccedil;&atilde;o da Equipe_DCB72286_Activity.jpeg'
Warning: Activity:Capacitação da Equipe: missing resource file './../../ImplementacaoPerfilBasico/deliveryprocesses/Prepara&ccedil;&atilde;o_4733C0D2.html'
Warning: Activity:Capacitação da Equipe: missing resource file './../../ImplementacaoPerfilBasico/deliveryprocesses/resources/Capacita&ccedil;&atilde;o da Equipe_DCB72286_Activity.jpeg'
Warning: Phase:Execução: missing resource file './../../ImplementacaoPerfilBasico/deliveryprocesses/resources/Execu&ccedil;&atilde;o_B9CDC64B_Activity.jpeg'
Warning: Phase:Execução: missing resource file './../../ImplementacaoPerfilBasico/deliveryprocesses/Implementa&ccedil;&atilde;o da melhoria de processos_20EEBB20.html'
Warning: Phase:Execução: missing resource file './../../ImplementacaoPerfilBasico/deliveryprocesses/Acompanhamento de Ader&ecirc;ncia dos Projetos aos Processos_67017F59.html'
Warning: Phase:Execução: missing resource file './../../ImplementacaoPerfilBasico/deliveryprocesses/Identifica&ccedil;&atilde;o das N&atilde;o Conformidades_337AA284.html'
Warning: Phase:Execução: missing resource file './../../ImplementacaoPerfilBasico/deliveryprocesses/resources/Execu&ccedil;&atilde;o_B9CDC64B_Activity.jpeg'
Warning: Phase:Execução: missing resource file './../../ImplementacaoPerfilBasico/deliveryprocesses/Implementa&ccedil;&atilde;o da melhoria de processos_20EEBB20.html'
Warning: Phase:Execução: missing resource file './../../ImplementacaoPerfilBasico/deliveryprocesses/Acompanhamento de Ader&ecirc;ncia dos Projetos aos Processos_67017F59.html'
Warning: Phase:Execução: missing resource file './../../ImplementacaoPerfilBasico/deliveryprocesses/Identifica&ccedil;&atilde;o das N&atilde;o Conformidades_337AA284.html'
Warning: Activity:Implementação da melhoria de processos: missing resource file './../../ImplementacaoPerfilBasico/deliveryprocesses/resources/Implementa&ccedil;&atilde;o da melhoria de processos_20EEBB20_Activity.jpeg'
Warning: Activity:Implementação da melhoria de processos: missing resource file './../../ImplementacaoPerfilBasico/deliveryprocesses/Execu&ccedil;&atilde;o_B9CDC64B.html'
Warning: Activity:Implementação da melhoria de processos: missing resource file './../../ImplementacaoPerfilBasico/deliveryprocesses/resources/Implementa&ccedil;&atilde;o da melhoria de processos_20EEBB20_Activity.jpeg'
Warning: Activity:Desenvolvimento dos Projetos: missing resource file './../../ImplementacaoPerfilBasico/deliveryprocesses/Execu&ccedil;&atilde;o_B9CDC64B.html'
Warning: Activity:Acompanhamento de Aderência dos Projetos aos Processos: missing resource file './../../ImplementacaoPerfilBasico/deliveryprocesses/resources/Acompanhamento de Ader&ecirc;ncia dos Projetos aos Processos_67017F59_Activity.jpeg'
Warning: Activity:Acompanhamento de Aderência dos Projetos aos Processos: missing resource file './../../ImplementacaoPerfilBasico/deliveryprocesses/Execu&ccedil;&atilde;o_B9CDC64B.html'
Warning: Activity:Acompanhamento de Aderência dos Projetos aos Processos: missing resource file './../../ImplementacaoPerfilBasico/deliveryprocesses/resources/Acompanhamento de Ader&ecirc;ncia dos Projetos aos Processos_67017F59_Activity.jpeg'
Warning: Activity:Identificação das Não Conformidades : missing resource file './../../ImplementacaoPerfilBasico/deliveryprocesses/resources/Identifica&ccedil;&atilde;o das N&atilde;o Conformidades_337AA284_Activity.jpeg'
Warning: Activity:Identificação das Não Conformidades : missing resource file './../../ImplementacaoPerfilBasico/deliveryprocesses/Execu&ccedil;&atilde;o_B9CDC64B.html'
Warning: Activity:Identificação das Não Conformidades : missing resource file './../../ImplementacaoPerfilBasico/deliveryprocesses/resources/Identifica&ccedil;&atilde;o das N&atilde;o Conformidades_337AA284_Activity.jpeg'
Warning: Phase:Melhoria: missing resource file './../../ImplementacaoPerfilBasico/deliveryprocesses/Realiza&ccedil;&atilde;o de Auditor&iacute;as_1810606.html'
Warning: Phase:Melhoria: missing resource file './../../ImplementacaoPerfilBasico/deliveryprocesses/Tratamento das N&atilde;o Conformidades_36EEDE1E.html'
Warning: Phase:Melhoria: missing resource file './../../ImplementacaoPerfilBasico/deliveryprocesses/Realiza&ccedil;&atilde;o de Auditor&iacute;as_1810606.html'
Warning: Phase:Melhoria: missing resource file './../../ImplementacaoPerfilBasico/deliveryprocesses/Tratamento das N&atilde;o Conformidades_36EEDE1E.html'
Warning: Activity:Realização de Auditorías: missing resource file './../../ImplementacaoPerfilBasico/deliveryprocesses/resources/Realiza&ccedil;&atilde;o de Auditor&iacute;as_1810606_Activity.jpeg'
Warning: Activity:Realização de Auditorías: missing resource file './../../ImplementacaoPerfilBasico/deliveryprocesses/resources/Realiza&ccedil;&atilde;o de Auditor&iacute;as_1810606_Activity.jpeg'
Warning: Activity:Tratamento das Não Conformidades: missing resource file './../../ImplementacaoPerfilBasico/deliveryprocesses/resources/Tratamento das N&atilde;o Conformidades_36EEDE1E_Activity.jpeg'
Warning: Activity:Tratamento das Não Conformidades: missing resource file './../../ImplementacaoPerfilBasico/deliveryprocesses/resources/Tratamento das N&atilde;o Conformidades_36EEDE1E_Activity.jpeg'
